<?xml version="1.0" encoding="UTF-8"?>
<!-- Generated by org.testng.reporters.JUnitXMLReporter -->
<testsuite hostname="LAPTOP-DVJDDLRA" ignored="0" name="chrome-test" tests="17" failures="0" timestamp="08 Apr 2020 11:05:45 GMT" time="284.14" errors="0">
  <testcase name="login" time="3.683" classname="com.cts.tests.TestLoginPage"/>
  <testcase name="login" time="3.443" classname="com.cts.tests.TestLoginPage"/>
  <testcase name="login" time="2.589" classname="com.cts.tests.TestAdminJobCategories"/>
  <testcase name="login" time="6.831" classname="com.cts.tests.TestAdminJobCategories"/>
  <testcase name="testadmin" time="10.428" classname="com.cts.tests.TestAdminJobCategories"/>
  <testcase name="login" time="3.112" classname="com.cts.tests.TestLeavesPage"/>
  <testcase name="login" time="3.564" classname="com.cts.tests.TestLeavesPage"/>
  <testcase name="testleaves" time="18.382" classname="com.cts.tests.TestLeavesPage"/>
  <testcase name="login" time="3.077" classname="com.cts.tests.TestMaintenancePage"/>
  <testcase name="login" time="7.526" classname="com.cts.tests.TestMaintenancePage"/>
  <testcase name="testmaintenance" time="10.607" classname="com.cts.tests.TestMaintenancePage"/>
  <testcase name="login" time="3.891" classname="com.cts.tests.TestDashboard"/>
  <testcase name="login" time="6.926" classname="com.cts.tests.TestDashboard"/>
  <testcase name="testleaves" time="8.554" classname="com.cts.tests.TestDashboard"/>
  <testcase name="login" time="2.966" classname="com.cts.tests.TestLogoutpage"/>
  <testcase name="login" time="4.171" classname="com.cts.tests.TestLogoutpage"/>
  <testcase name="testlogout" time="10.864" classname="com.cts.tests.TestLogoutpage"/>
</testsuite> <!-- chrome-test -->
