<?xml version="1.0" encoding="UTF-8"?>
<!-- Generated by org.testng.reporters.JUnitXMLReporter -->
<testsuite hostname="LAPTOP-DVJDDLRA" ignored="0" name="firefox-test" tests="3" failures="1" timestamp="02 Apr 2020 12:22:37 GMT" time="43.221" errors="0">
  <testcase name="login" time="1.795" classname="com.cts.tests.TestLogoutpage"/>
  <testcase name="login" time="2.923" classname="com.cts.tests.TestLogoutpage"/>
  <testcase name="testleaves" time="0.901" classname="com.cts.tests.TestLogoutpage">
    <failure type="org.openqa.selenium.ElementNotInteractableException" message="Element &amp;lt;a id=&amp;quot;aboutDisplayLink&amp;quot; href=&amp;quot;#&amp;quot;&amp;gt; could not be scrolled into view
Build info: version: &amp;apos;3.7.0&amp;apos;, revision: &amp;apos;2321c73&amp;apos;, time: &amp;apos;2017-11-02T22:22:35.584Z&amp;apos;
System info: host: &amp;apos;LAPTOP-DVJDDLRA&amp;apos;, ip: &amp;apos;192.168.43.229&amp;apos;, os.name: &amp;apos;Windows 8.1&amp;apos;, os.arch: &amp;apos;amd64&amp;apos;, os.version: &amp;apos;6.3&amp;apos;, java.version: &amp;apos;1.8.0_45&amp;apos;
Driver info: org.openqa.selenium.firefox.FirefoxDriver
Capabilities {acceptInsecureCerts: true, browserName: firefox, browserVersion: 74.0, javascriptEnabled: true, moz:accessibilityChecks: false, moz:buildID: 20200309095159, moz:geckodriverVersion: 0.26.0, moz:headless: false, moz:processID: 13412, moz:profile: C:\Users\Raja\AppData\Local..., moz:shutdownTimeout: 60000, moz:useNonSpecCompliantPointerOrigin: false, moz:webdriverClick: true, pageLoadStrategy: normal, platform: WINDOWS, platformName: WINDOWS, platformVersion: 10.0, rotatable: false, setWindowRect: true, strictFileInteractability: false, timeouts: {implicit: 0, pageLoad: 300000, script: 30000}, unhandledPromptBehavior: dismiss and notify}
Session ID: 0535c8e5-d251-413c-877b-ce67be8eb7ff">
      <![CDATA[org.openqa.selenium.ElementNotInteractableException: Element <a id="aboutDisplayLink" href="#"> could not be scrolled into view
Build info: version: '3.7.0', revision: '2321c73', time: '2017-11-02T22:22:35.584Z'
System info: host: 'LAPTOP-DVJDDLRA', ip: '192.168.43.229', os.name: 'Windows 8.1', os.arch: 'amd64', os.version: '6.3', java.version: '1.8.0_45'
Driver info: org.openqa.selenium.firefox.FirefoxDriver
Capabilities {acceptInsecureCerts: true, browserName: firefox, browserVersion: 74.0, javascriptEnabled: true, moz:accessibilityChecks: false, moz:buildID: 20200309095159, moz:geckodriverVersion: 0.26.0, moz:headless: false, moz:processID: 13412, moz:profile: C:\Users\Raja\AppData\Local..., moz:shutdownTimeout: 60000, moz:useNonSpecCompliantPointerOrigin: false, moz:webdriverClick: true, pageLoadStrategy: normal, platform: WINDOWS, platformName: WINDOWS, platformVersion: 10.0, rotatable: false, setWindowRect: true, strictFileInteractability: false, timeouts: {implicit: 0, pageLoad: 300000, script: 30000}, unhandledPromptBehavior: dismiss and notify}
Session ID: 0535c8e5-d251-413c-877b-ce67be8eb7ff
at org.openqa.selenium.remote.http.W3CHttpResponseCodec.createException(W3CHttpResponseCodec.java:187)
at org.openqa.selenium.remote.http.W3CHttpResponseCodec.decode(W3CHttpResponseCodec.java:122)
at org.openqa.selenium.remote.http.W3CHttpResponseCodec.decode(W3CHttpResponseCodec.java:49)
at org.openqa.selenium.remote.HttpCommandExecutor.execute(HttpCommandExecutor.java:164)
at org.openqa.selenium.remote.service.DriverCommandExecutor.execute(DriverCommandExecutor.java:83)
at org.openqa.selenium.remote.RemoteWebDriver.execute(RemoteWebDriver.java:600)
at org.openqa.selenium.remote.RemoteWebElement.execute(RemoteWebElement.java:279)
at org.openqa.selenium.remote.RemoteWebElement.click(RemoteWebElement.java:83)
at org.openqa.selenium.support.pagefactory.internal.LocatingElementHandler.invoke(LocatingElementHandler.java:51)
at com.sun.proxy.$Proxy11.click(Unknown Source)
at com.cts.pages.LogoutPage.about(LogoutPage.java:29)
at com.cts.tests.TestLogoutpage.testleaves(TestLogoutpage.java:61)
... Removed 33 stack frames]]>
    </failure>
  </testcase> <!-- testleaves -->
</testsuite> <!-- firefox-test -->
